# JRE version: Java(TM) SE Runtime Environment (21.0.2+13) (build 21.0.2+13-LTS-58)
# Java VM: Java HotSpot(TM) 64-Bit Server VM (21.0.2+13-LTS-58, mixed mode, sharing, tiered, compressed oops, compressed class ptrs, g1 gc, windows-amd64)
GC Precious Log:
 CardTable entry size: 512
 Card Set container configuration: InlinePtr #cards 4 size 8 Array Of Cards #cards 32 size 80 Howl #buckets 8 coarsen threshold 7372 Howl Bitmap #cards 1024 size 144 coarsen threshold 921 Card regions per heap region 1 cards per card region 8192
 CPUs: 8 total, 8 available
 Memory: 24507M
 Large Page Support: Disabled
 NUMA Support: Disabled
 Compressed Oops: Enabled (Zero based)
 Heap Region Size: 4M
 Heap Min Capacity: 8M
 Heap Initial Capacity: 384M
 Heap Max Capacity: 8G
 Pre-touch: Disabled
 Parallel Workers: 8
 Concurrent Workers: 2
 Concurrent Refinement Workers: 8
 Periodic GC: Disabled
Heap:
 garbage-first heap   total 1175552K, used 1063040K [0x0000000600000000, 0x0000000800000000)
  region size 4096K, 138 young (565248K), 14 survivors (57344K)
 Metaspace       used 201685K, committed 205184K, reserved 1245184K
  class space    used 26156K, committed 27840K, reserved 1048576K
GC Heap History (20 events):
Event: 114.686 GC heap after
{Heap after GC invocations=77 (full 0):
 garbage-first heap   total 724992K, used 360832K [0x0000000600000000, 0x0000000800000000)
  region size 4096K, 11 young (45056K), 11 survivors (45056K)
 Metaspace       used 183477K, committed 186752K, reserved 1245184K
  class space    used 24013K, committed 25600K, reserved 1048576K
}
Event: 116.440 GC heap before
{Heap before GC invocations=77 (full 0):
 garbage-first heap   total 724992K, used 639360K [0x0000000600000000, 0x0000000800000000)
  region size 4096K, 78 young (319488K), 11 survivors (45056K)
 Metaspace       used 183829K, committed 187136K, reserved 1245184K
  class space    used 24025K, committed 25600K, reserved 1048576K
}
Event: 116.492 GC heap after
{Heap after GC invocations=78 (full 0):
 garbage-first heap   total 729088K, used 390448K [0x0000000600000000, 0x0000000800000000)
  region size 4096K, 8 young (32768K), 8 survivors (32768K)
 Metaspace       used 183829K, committed 187136K, reserved 1245184K
  class space    used 24025K, committed 25600K, reserved 1048576K
}
Event: 119.175 GC heap before
{Heap before GC invocations=78 (full 0):
 garbage-first heap   total 729088K, used 648496K [0x0000000600000000, 0x0000000800000000)
  region size 4096K, 72 young (294912K), 8 survivors (32768K)
 Metaspace       used 184899K, committed 188160K, reserved 1245184K
  class space    used 24147K, committed 25728K, reserved 1048576K
}
Event: 119.245 GC heap after
{Heap after GC invocations=79 (full 0):
 garbage-first heap   total 765952K, used 469107K [0x0000000600000000, 0x0000000800000000)
  region size 4096K, 9 young (36864K), 9 survivors (36864K)
 Metaspace       used 184899K, committed 188160K, reserved 1245184K
  class space    used 24147K, committed 25728K, reserved 1048576K
}
Event: 120.295 GC heap before
{Heap before GC invocations=80 (full 0):
 garbage-first heap   total 950272K, used 661619K [0x0000000600000000, 0x0000000800000000)
  region size 4096K, 56 young (229376K), 9 survivors (36864K)
 Metaspace       used 184366K, committed 187648K, reserved 1245184K
  class space    used 24133K, committed 25728K, reserved 1048576K
}
Event: 120.356 GC heap after
{Heap after GC invocations=81 (full 0):
 garbage-first heap   total 950272K, used 522829K [0x0000000600000000, 0x0000000800000000)
  region size 4096K, 7 young (28672K), 7 survivors (28672K)
 Metaspace       used 184366K, committed 187648K, reserved 1245184K
  class space    used 24133K, committed 25728K, reserved 1048576K
}
Event: 121.353 GC heap before
{Heap before GC invocations=81 (full 0):
 garbage-first heap   total 950272K, used 784973K [0x0000000600000000, 0x0000000800000000)
  region size 4096K, 72 young (294912K), 7 survivors (28672K)
 Metaspace       used 184745K, committed 187968K, reserved 1245184K
  class space    used 24170K, committed 25728K, reserved 1048576K
}
Event: 121.389 GC heap after
{Heap after GC invocations=82 (full 0):
 garbage-first heap   total 950272K, used 545718K [0x0000000600000000, 0x0000000800000000)
  region size 4096K, 6 young (24576K), 6 survivors (24576K)
 Metaspace       used 184745K, committed 187968K, reserved 1245184K
  class space    used 24170K, committed 25728K, reserved 1048576K
}
Event: 122.258 GC heap before
{Heap before GC invocations=82 (full 0):
 garbage-first heap   total 950272K, used 811958K [0x0000000600000000, 0x0000000800000000)
  region size 4096K, 71 young (290816K), 6 survivors (24576K)
 Metaspace       used 184796K, committed 188032K, reserved 1245184K
  class space    used 24170K, committed 25728K, reserved 1048576K
}
Event: 122.286 GC heap after
{Heap after GC invocations=83 (full 0):
 garbage-first heap   total 1142784K, used 549453K [0x0000000600000000, 0x0000000800000000)
  region size 4096K, 2 young (8192K), 2 survivors (8192K)
 Metaspace       used 184796K, committed 188032K, reserved 1245184K
  class space    used 24170K, committed 25728K, reserved 1048576K
}
Event: 123.985 GC heap before
{Heap before GC invocations=84 (full 0):
 garbage-first heap   total 1175552K, used 959053K [0x0000000600000000, 0x0000000800000000)
  region size 4096K, 106 young (434176K), 2 survivors (8192K)
 Metaspace       used 184898K, committed 188096K, reserved 1245184K
  class space    used 24178K, committed 25728K, reserved 1048576K
}
Event: 124.002 GC heap after
{Heap after GC invocations=85 (full 0):
 garbage-first heap   total 1175552K, used 551456K [0x0000000600000000, 0x0000000800000000)
  region size 4096K, 5 young (20480K), 5 survivors (20480K)
 Metaspace       used 184898K, committed 188096K, reserved 1245184K
  class space    used 24178K, committed 25728K, reserved 1048576K
}
Event: 130.714 GC heap before
{Heap before GC invocations=85 (full 0):
 garbage-first heap   total 1175552K, used 1108512K [0x0000000600000000, 0x0000000800000000)
  region size 4096K, 125 young (512000K), 5 survivors (20480K)
 Metaspace       used 186016K, committed 189248K, reserved 1245184K
  class space    used 24294K, committed 25856K, reserved 1048576K
}
Event: 130.742 GC heap after
{Heap after GC invocations=86 (full 0):
 garbage-first heap   total 1175552K, used 536769K [0x0000000600000000, 0x0000000800000000)
  region size 4096K, 7 young (28672K), 7 survivors (28672K)
 Metaspace       used 186016K, committed 189248K, reserved 1245184K
  class space    used 24294K, committed 25856K, reserved 1048576K
}
Event: 238.560 GC heap before
{Heap before GC invocations=86 (full 0):
 garbage-first heap   total 1175552K, used 1048769K [0x0000000600000000, 0x0000000800000000)
  region size 4096K, 133 young (544768K), 7 survivors (28672K)
 Metaspace       used 196989K, committed 200384K, reserved 1245184K
  class space    used 25726K, committed 27392K, reserved 1048576K
}
Event: 238.593 GC heap after
{Heap after GC invocations=87 (full 0):
 garbage-first heap   total 1175552K, used 557249K [0x0000000600000000, 0x0000000800000000)
  region size 4096K, 12 young (49152K), 12 survivors (49152K)
 Metaspace       used 196989K, committed 200384K, reserved 1245184K
  class space    used 25726K, committed 27392K, reserved 1048576K
}
Event: 340.853 GC heap before
{Heap before GC invocations=88 (full 0):
 garbage-first heap   total 1175552K, used 1048769K [0x0000000600000000, 0x0000000800000000)
  region size 4096K, 135 young (552960K), 12 survivors (49152K)
 Metaspace       used 199159K, committed 202688K, reserved 1245184K
  class space    used 25933K, committed 27648K, reserved 1048576K
}
Event: 340.886 GC heap after
{Heap after GC invocations=89 (full 0):
 garbage-first heap   total 1175552K, used 555136K [0x0000000600000000, 0x0000000800000000)
  region size 4096K, 11 young (45056K), 11 survivors (45056K)
 Metaspace       used 199159K, committed 202688K, reserved 1245184K
  class space    used 25933K, committed 27648K, reserved 1048576K
}
Event: 646.554 GC heap before
{Heap before GC invocations=89 (full 0):
 garbage-first heap   total 1175552K, used 1063040K [0x0000000600000000, 0x0000000800000000)
  region size 4096K, 135 young (552960K), 11 survivors (45056K)
 Metaspace       used 201685K, committed 205184K, reserved 1245184K
  class space    used 26156K, committed 27840K, reserved 1048576K
}

